<?xml version="1.0" encoding="UTF-8"?>
<!-- Generated by org.testng.reporters.JUnitXMLReporter -->
<testsuite ignored="0" hostname="LAPTOP-L2UM9ODI" failures="0" tests="5" name="LoginTest" time="27.925" errors="0" timestamp="2025-08-29T19:29:47 IST">
  <testcase classname="Test.LoginTest" name="makeAppointment" time="0.827"/>
  <testcase classname="Test.LoginTest" name="invalidLogin1" time="3.124"/>
  <testcase classname="Test.LoginTest" name="invalidLogin2" time="3.319"/>
  <testcase classname="Test.LoginTest" name="login" time="4.311"/>
  <testcase classname="Test.LoginTest" name="ValidForm" time="3.809"/>
</testsuite> <!-- LoginTest -->
