<?xml version="1.0" encoding="UTF-8"?>
<!-- Generated by org.testng.reporters.JUnitXMLReporter -->
<testsuite ignored="0" hostname="LAPTOP-L2UM9ODI" failures="0" tests="5" name="LoginTest" time="33.047" errors="0" timestamp="2025-08-15T01:40:44 IST">
  <testcase classname="Test.LoginTest" name="makeAppointment" time="1.193"/>
  <testcase classname="Test.LoginTest" name="invalidLogin1" time="3.988"/>
  <testcase classname="Test.LoginTest" name="invalidLogin2" time="4.345"/>
  <testcase classname="Test.LoginTest" name="login" time="4.185"/>
  <testcase classname="Test.LoginTest" name="ValidForm" time="6.177"/>
</testsuite> <!-- LoginTest -->
