<?xml version="1.0" encoding="UTF-8"?>
<!-- Generated by org.testng.reporters.JUnitXMLReporter -->
<testsuite ignored="2" hostname="LAPTOP-L2UM9ODI" failures="2" tests="2" name="LoginTests" time="0.124" errors="0" timestamp="2025-03-15T16:44:36 IST">
  <testcase classname="Test.LoginTest" name="invalidLoginTest" time="0.041">
    <failure type="java.lang.IllegalArgumentException" message="Input must be set">
      <![CDATA[java.lang.IllegalArgumentException: Input must be set
at org.openqa.selenium.internal.Require.nonNull(Require.java:60)
at org.openqa.selenium.support.ui.FluentWait.<init>(FluentWait.java:93)
at org.openqa.selenium.support.ui.WebDriverWait.<init>(WebDriverWait.java:74)
at org.openqa.selenium.support.ui.WebDriverWait.<init>(WebDriverWait.java:43)
at commonLibs.BaseTest.waitForElement(BaseTest.java:62)
at Test.LoginTest.invalidLoginTest(LoginTest.java:26)
at java.base/java.util.ArrayList.forEach(ArrayList.java:1597)
... Removed 25 stack frames]]>
    </failure>
  </testcase> <!-- invalidLoginTest -->
  <testcase classname="Test.LoginTest" name="ValidLogin" time="0.002">
    <failure type="java.lang.IllegalArgumentException" message="Input must be set">
      <![CDATA[java.lang.IllegalArgumentException: Input must be set
at org.openqa.selenium.internal.Require.nonNull(Require.java:60)
at org.openqa.selenium.support.ui.FluentWait.<init>(FluentWait.java:93)
at org.openqa.selenium.support.ui.WebDriverWait.<init>(WebDriverWait.java:74)
at org.openqa.selenium.support.ui.WebDriverWait.<init>(WebDriverWait.java:43)
at commonLibs.BaseTest.waitForElement(BaseTest.java:62)
at Test.LoginTest.ValidLogin(LoginTest.java:40)
at java.base/java.util.ArrayList.forEach(ArrayList.java:1597)
... Removed 25 stack frames]]>
    </failure>
  </testcase> <!-- ValidLogin -->
  <testcase classname="Test.LoginTest" name="FillForm" time="0.0">
    <ignored/>
  </testcase> <!-- FillForm -->
  <testcase classname="Test.LoginTest" name="makeAppointment" time="0.0">
    <ignored/>
  </testcase> <!-- makeAppointment -->
</testsuite> <!-- LoginTests -->
