<?xml version="1.0" encoding="UTF-8"?>
<!-- Generated by org.testng.reporters.JUnitXMLReporter -->
<testsuite ignored="0" hostname="LAPTOP-L2UM9ODI" failures="0" tests="4" name="Default test" time="20.586" errors="0" timestamp="2025-03-15T17:35:51 IST">
  <testcase classname="Test.LoginTest" name="makeAppointment" time="0.662"/>
  <testcase classname="Test.LoginTest" name="invalidLoginTest" time="3.461"/>
  <testcase classname="Test.LoginTest" name="ValidLogin" time="4.04"/>
  <testcase classname="Test.LoginTest" name="FillForm" time="3.423"/>
</testsuite> <!-- Default test -->
